<?xml version="1.0" encoding="UTF-8"?>
<robot generator="Robot 7.3 (Python 3.12.7 on win32)" generated="2025-06-22T17:02:35.179215" rpa="false" schemaversion="5">
<suite id="s1" name="Test" source="C:\SistemaT\tests\test.robot">
<test id="s1-t1" name="Deve obter lista de tarefas" line="8">
<kw name="Create Session" owner="RequestsLibrary">
<msg time="2025-06-22T17:02:36.093213" level="INFO">Creating Session using : alias=minha_api, url=http://localhost:3000, headers={},                     cookies={}, auth=None, timeout=None, proxies=None, verify=False,                     debug=0 </msg>
<arg>minha_api</arg>
<arg>${BASE_URL}</arg>
<doc>Create Session: create a HTTP session to a server</doc>
<status status="PASS" start="2025-06-22T17:02:36.093213" elapsed="0.000000"/>
</kw>
<kw name="GET" owner="RequestsLibrary">
<msg time="2025-06-22T17:02:36.145210" level="INFO">GET Request : url=http://localhost:3000/tarefas 
 path_url=/tarefas 
 headers={'User-Agent': 'python-requests/2.32.4', 'Accept-Encoding': 'gzip, deflate', 'Accept': '*/*', 'Connection': 'keep-alive'} 
 body=None 
 </msg>
<msg time="2025-06-22T17:02:36.145210" level="INFO">GET Response : url=http://localhost:3000/tarefas 
 status=200, reason=OK 
 headers={'X-Powered-By': 'Express', 'Content-Type': 'application/json; charset=utf-8', 'Content-Length': '2', 'ETag': 'W/"2-l9Fw4VUO7kr8CvBlt4zaMCqXZ0w"', 'Date': 'Sun, 22 Jun 2025 20:02:36 GMT', 'Connection': 'keep-alive', 'Keep-Alive': 'timeout=5'} 
 body=[] 
 </msg>
<msg time="2025-06-22T17:02:36.146217" level="INFO">${resp} = &lt;Response [200]&gt;</msg>
<var>${resp}</var>
<arg>${BASE_URL}/tarefas</arg>
<doc>Sends a GET request.</doc>
<status status="PASS" start="2025-06-22T17:02:36.094213" elapsed="0.052004"/>
</kw>
<kw name="Should Be Equal As Integers" owner="BuiltIn">
<msg time="2025-06-22T17:02:36.148218" level="INFO">Argument types are:
&lt;class 'int'&gt;
&lt;class 'str'&gt;</msg>
<arg>${resp.status_code}</arg>
<arg>200</arg>
<doc>Fails if objects are unequal after converting them to integers.</doc>
<status status="PASS" start="2025-06-22T17:02:36.146217" elapsed="0.002001"/>
</kw>
<status status="PASS" start="2025-06-22T17:02:36.091207" elapsed="0.058005"/>
</test>
<status status="PASS" start="2025-06-22T17:02:35.184210" elapsed="0.965998"/>
</suite>
<statistics>
<total>
<stat pass="1" fail="0" skip="0">All Tests</stat>
</total>
<tag>
</tag>
<suite>
<stat name="Test" id="s1" pass="1" fail="0" skip="0">Test</stat>
</suite>
</statistics>
<errors>
</errors>
</robot>
